<?xml version="1.0" encoding="UTF-8"?>
<!-- Generated by org.testng.reporters.JUnitReportReporter -->
<testsuite skipped="0" hostname="DESKTOP-F7DN4F6" name="com.tti.washBoard.testCases.login.LoginPage_001_LoginSuccessFunction_Test" tests="1" failures="0" timestamp="2019-10-09T14:39:56 CST" time="8.582" errors="0">
  <testcase name="loginSuccessFunction" time="8.582" classname="com.tti.washBoard.testCases.login.LoginPage_001_LoginSuccessFunction_Test"/>
</testsuite> <!-- com.tti.washBoard.testCases.login.LoginPage_001_LoginSuccessFunction_Test -->
